[    0.000000] Linux version 4.15.0-212-generic (buildd@lcy02-amd64-083) (gcc version 7.5.0 (Ubuntu 7.5.0-3ubuntu1~18.04)) #223-Ubuntu SMP Tue May 23 13:09:22 UTC 2023 (Ubuntu 4.15.0-212.223-generic 4.15.18)
[    0.000000] Command line: BOOT_IMAGE=/boot/vmlinuz-4.15.0-212-generic root=LABEL=cloudimg-rootfs ro console=tty1 console=ttyS0
[    0.000000] KERNEL supported cpus:
[    0.000000]   Intel GenuineIntel
[    0.000000]   AMD AuthenticAMD
[    0.000000]   Centaur CentaurHauls
[    0.000000] [Firmware Bug]: TSC doesn't count with P0 frequency!
[    0.000000] x86/fpu: x87 FPU will use FXSAVE
[    0.000000] e820: BIOS-provided physical RAM map:
[    0.000000] BIOS-e820: [mem 0x0000000000000000-0x000000000009fbff] usable
[    0.000000] BIOS-e820: [mem 0x000000000009fc00-0x000000000009ffff] reserved
[    0.000000] BIOS-e820: [mem 0x00000000000f0000-0x00000000000fffff] reserved
[    0.000000] BIOS-e820: [mem 0x0000000000100000-0x000000003ffeffff] usable
[    0.000000] BIOS-e820: [mem 0x000000003fff0000-0x000000003fffffff] ACPI data
[    0.000000] BIOS-e820: [mem 0x00000000fec00000-0x00000000fec00fff] reserved
[    0.000000] BIOS-e820: [mem 0x00000000fee00000-0x00000000fee00fff] reserved
[    0.000000] BIOS-e820: [mem 0x00000000fffc0000-0x00000000ffffffff] reserved
[    0.000000] NX (Execute Disable) protection: active
[    0.000000] SMBIOS 2.5 present.
[    0.000000] DMI: innotek GmbH VirtualBox/VirtualBox, BIOS VirtualBox 12/01/2006
[    0.000000] Hypervisor detected: KVM
[    0.000000] e820: last_pfn = 0x3fff0 max_arch_pfn = 0x400000000
[    0.000000] MTRR: Disabled
[    0.000000] x86/PAT: MTRRs disabled, skipping PAT initialization too.
[    0.000000] CPU MTRRs all blank - virtualized system.
[    0.000000] x86/PAT: Configuration [0-7]: WB  WT  UC- UC  WB  WT  UC- UC  
[    0.000000] found SMP MP-table at [mem 0x0009fff0-0x0009ffff]
[    0.000000] Scanning 1 areas for low memory corruption
[    0.000000] RAMDISK: [mem 0x359cb000-0x36cdcfff]
[    0.000000] ACPI: Early table checksum verification disabled
[    0.000000] ACPI: RSDP 0x00000000000E0000 000024 (v02 VBOX  )
[    0.000000] ACPI: XSDT 0x000000003FFF0030 00003C (v01 VBOX   VBOXXSDT 00000001 ASL  00000061)
[    0.000000] ACPI: FACP 0x000000003FFF00F0 0000F4 (v04 VBOX   VBOXFACP 00000001 ASL  00000061)
[    0.000000] ACPI: DSDT 0x000000003FFF0610 002353 (v02 VBOX   VBOXBIOS 00000002 INTL 20100528)
[    0.000000] ACPI: FACS 0x000000003FFF0200 000040
[    0.000000] ACPI: FACS 0x000000003FFF0200 000040
[    0.000000] ACPI: APIC 0x000000003FFF0240 00005C (v02 VBOX   VBOXAPIC 00000001 ASL  00000061)
[    0.000000] ACPI: SSDT 0x000000003FFF02A0 00036C (v01 VBOX   VBOXCPUT 00000002 INTL 20100528)
[    0.000000] ACPI: Reserving FACP table memory at [mem 0x3fff00f0-0x3fff01e3]
[    0.000000] ACPI: Reserving DSDT table memory at [mem 0x3fff0610-0x3fff2962]
[    0.000000] ACPI: Reserving FACS table memory at [mem 0x3fff0200-0x3fff023f]
[    0.000000] ACPI: Reserving FACS table memory at [mem 0x3fff0200-0x3fff023f]
[    0.000000] ACPI: Reserving APIC table memory at [mem 0x3fff0240-0x3fff029b]
[    0.000000] ACPI: Reserving SSDT table memory at [mem 0x3fff02a0-0x3fff060b]
[    0.000000] No NUMA configuration found
[    0.000000] Faking a node at [mem 0x0000000000000000-0x000000003ffeffff]
[    0.000000] NODE_DATA(0) allocated [mem 0x3ffc5000-0x3ffeffff]
[    0.000000] kvm-clock: cpu 0, msr 0:3ff44001, primary cpu clock
[    0.000000] kvm-clock: Using msrs 4b564d01 and 4b564d00
[    0.000000] kvm-clock: using sched offset of 3872520563 cycles
[    0.000000] clocksource: kvm-clock: mask: 0xffffffffffffffff max_cycles: 0x1cd42e4dffb, max_idle_ns: 881590591483 ns
[    0.000000] Zone ranges:
[    0.000000]   DMA      [mem 0x0000000000001000-0x0000000000ffffff]
[    0.000000]   DMA32    [mem 0x0000000001000000-0x000000003ffeffff]
[    0.000000]   Normal   empty
[    0.000000]   Device   empty
[    0.000000] Movable zone start for each node
[    0.000000] Early memory node ranges
[    0.000000]   node   0: [mem 0x0000000000001000-0x000000000009efff]
[    0.000000]   node   0: [mem 0x0000000000100000-0x000000003ffeffff]
[    0.000000] Reserved but unavailable: 104 pages
[    0.000000] Initmem setup node 0 [mem 0x0000000000001000-0x000000003ffeffff]
[    0.000000] ACPI: PM-Timer IO Port: 0x4008
[    0.000000] IOAPIC[0]: apic_id 2, version 32, address 0xfec00000, GSI 0-23
[    0.000000] ACPI: INT_SRC_OVR (bus 0 bus_irq 0 global_irq 2 dfl dfl)
[    0.000000] ACPI: INT_SRC_OVR (bus 0 bus_irq 9 global_irq 9 low level)
[    0.000000] Using ACPI (MADT) for SMP configuration information
[    0.000000] smpboot: Allowing 2 CPUs, 0 hotplug CPUs
[    0.000000] PM: Registered nosave memory: [mem 0x00000000-0x00000fff]
[    0.000000] PM: Registered nosave memory: [mem 0x0009f000-0x0009ffff]
[    0.000000] PM: Registered nosave memory: [mem 0x000a0000-0x000effff]
[    0.000000] PM: Registered nosave memory: [mem 0x000f0000-0x000fffff]
[    0.000000] e820: [mem 0x40000000-0xfebfffff] available for PCI devices
[    0.000000] Booting paravirtualized kernel on KVM
[    0.000000] clocksource: refined-jiffies: mask: 0xffffffff max_cycles: 0xffffffff, max_idle_ns: 7645519600211568 ns
[    0.000000] setup_percpu: NR_CPUS:8192 nr_cpumask_bits:2 nr_cpu_ids:2 nr_node_ids:1
[    0.000000] percpu: Embedded 50 pages/cpu s167936 r8192 d28672 u1048576
[    0.000000] PV qspinlock hash table entries: 256 (order: 0, 4096 bytes)
[    0.000000] Built 1 zonelists, mobility grouping on.  Total pages: 257913
[    0.000000] Policy zone: DMA32
[    0.000000] Kernel command line: BOOT_IMAGE=/boot/vmlinuz-4.15.0-212-generic root=LABEL=cloudimg-rootfs ro console=tty1 console=ttyS0
[    0.000000] Memory: 982644K/1048120K available (12300K kernel code, 2477K rwdata, 4324K rodata, 2480K init, 2720K bss, 65476K reserved, 0K cma-reserved)
[    0.000000] SLUB: HWalign=64, Order=0-3, MinObjects=0, CPUs=2, Nodes=1
[    0.000000] ftrace: allocating 39508 entries in 155 pages
[    0.004000] Hierarchical RCU implementation.
[    0.004000] 	RCU restricting CPUs from NR_CPUS=8192 to nr_cpu_ids=2.
[    0.004000] 	Tasks RCU enabled.
[    0.004000] RCU: Adjusting geometry for rcu_fanout_leaf=16, nr_cpu_ids=2
[    0.004000] NR_IRQS: 524544, nr_irqs: 440, preallocated irqs: 16
[    0.004000] random: crng init done
[    0.004000] Console: colour VGA+ 80x25
[    0.004000] console [tty1] enabled
[    0.004000] console [ttyS0] enabled
[    0.004000] ACPI: Core revision 20170831
[    0.004000] ACPI: 2 ACPI AML tables successfully acquired and loaded
[    0.004000] APIC: Switch to symmetric I/O mode setup
[    0.004000] ..TIMER: vector=0x30 apic1=0 pin1=2 apic2=-1 pin2=-1
[    0.004000] tsc: Detected 1996.196 MHz processor
[    0.004000] Calibrating delay loop (skipped) preset value.. 3992.39 BogoMIPS (lpj=7984784)
[    0.004000] pid_max: default: 32768 minimum: 301
[    0.004000] Security Framework initialized
[    0.004008] Yama: becoming mindful.
[    0.008111] AppArmor: AppArmor initialized
[    0.017823] Dentry cache hash table entries: 131072 (order: 8, 1048576 bytes)
[    0.025677] Inode-cache hash table entries: 65536 (order: 7, 524288 bytes)
[    0.028080] Mount-cache hash table entries: 2048 (order: 2, 16384 bytes)
[    0.032081] Mountpoint-cache hash table entries: 2048 (order: 2, 16384 bytes)
[    0.040624] Last level iTLB entries: 4KB 512, 2MB 512, 4MB 256
[    0.044004] Last level dTLB entries: 4KB 2048, 2MB 2048, 4MB 1024, 1GB 0
[    0.048004] Spectre V1 : Mitigation: usercopy/swapgs barriers and __user pointer sanitization
[    0.052005] Spectre V2 : Mitigation: Retpolines
[    0.056004] Spectre V2 : Spectre v2 / SpectreRSB mitigation: Filling RSB on context switch
[    0.060003] Spectre V2 : Spectre v2 / SpectreRSB : Filling RSB on VMEXIT
[    0.064204] Freeing SMP alternatives memory: 36K
[    0.196952] APIC calibration not consistent with PM-Timer: 109ms instead of 100ms
[    0.200000] APIC delta adjusted to PM-Timer: 6370036 (6970783)
[    0.200346] smpboot: CPU0: AMD Ryzen 5 7530U with Radeon Graphics (family: 0x19, model: 0x50, stepping: 0x0)
[    0.204380] Performance Events: PMU not available due to virtualization, using software events only.
[    0.208128] Hierarchical SRCU implementation.
[    0.212500] NMI watchdog: Perf event create on CPU 0 failed with -2
[    0.216003] NMI watchdog: Perf NMI watchdog permanently disabled
[    0.220258] smp: Bringing up secondary CPUs ...
[    0.224682] x86: Booting SMP configuration:
[    0.227361] .... node  #0, CPUs:      #1
[    0.004000] kvm-clock: cpu 1, msr 0:3ff44041, secondary cpu clock
[    0.236000] TSC synchronization [CPU#0 -> CPU#1]:
[    0.236000] Measured 54678 cycles TSC warp between CPUs, turning off TSC clock.
[    0.236000] tsc: Marking TSC unstable due to check_tsc_sync_source failed
[    0.240093] smp: Brought up 1 node, 2 CPUs
[    0.244007] smpboot: Max logical packages: 1
[    0.248007] smpboot: Total of 2 processors activated (7984.78 BogoMIPS)
[    0.252650] devtmpfs: initialized
[    0.256422] x86/mm: Memory block size: 128MB
[    0.260357] evm: security.selinux
[    0.264003] evm: security.SMACK64
[    0.268002] evm: security.SMACK64EXEC
[    0.270371] evm: security.SMACK64TRANSMUTE
[    0.272002] evm: security.SMACK64MMAP
[    0.276002] evm: security.apparmor
[    0.280003] evm: security.ima
[    0.282157] evm: security.capability
[    0.288204] clocksource: jiffies: mask: 0xffffffff max_cycles: 0xffffffff, max_idle_ns: 7645041785100000 ns
[    0.292095] futex hash table entries: 512 (order: 3, 32768 bytes)
[    0.296186] pinctrl core: initialized pinctrl subsystem
[    0.300436] RTC time: 20:38:49, date: 04/05/24
[    0.304846] NET: Registered protocol family 16
[    0.308168] audit: initializing netlink subsys (disabled)
[    0.312326] audit: type=2000 audit(1712349534.955:1): state=initialized audit_enabled=0 res=1
[    0.320295] cpuidle: using governor ladder
[    0.328250] cpuidle: using governor menu
[    0.334425] ACPI: bus type PCI registered
[    0.336006] acpiphp: ACPI Hot Plug PCI Controller Driver version: 0.5
[    0.340591] PCI: Using configuration type 1 for base access
[    0.344004] PCI: Using configuration type 1 for extended access
[    0.352442] HugeTLB registered 2.00 MiB page size, pre-allocated 0 pages
[    0.364438] ACPI: Added _OSI(Module Device)
[    0.368091] ACPI: Added _OSI(Processor Device)
[    0.372004] ACPI: Added _OSI(3.0 _SCP Extensions)
[    0.376003] ACPI: Added _OSI(Processor Aggregator Device)
[    0.380004] ACPI: Added _OSI(Linux-Dell-Video)
[    0.384005] ACPI: Added _OSI(Linux-Lenovo-NV-HDMI-Audio)
[    0.388003] ACPI: Added _OSI(Linux-HPI-Hybrid-Graphics)
[    0.392923] ACPI: Executed 1 blocks of module-level executable AML code
[    0.402699] ACPI: Interpreter enabled
[    0.404015] ACPI: (supports S0 S5)
[    0.406210] ACPI: Using IOAPIC for interrupt routing
[    0.408290] PCI: Using host bridge windows from ACPI; if necessary, use "pci=nocrs" and report a bug
[    0.416190] ACPI: Enabled 2 GPEs in block 00 to 07
[    0.429745] ACPI: PCI Root Bridge [PCI0] (domain 0000 [bus 00-ff])
[    0.432013] acpi PNP0A03:00: _OSC: OS supports [ExtendedConfig ASPM ClockPM Segments MSI]
[    0.441479] acpi PNP0A03:00: _OSC: platform does not support [PCIeCapability]
[    0.448738] acpi PNP0A03:00: _OSC: not requesting control; platform does not support [PCIeCapability]
[    0.456006] acpi PNP0A03:00: _OSC: OS requested [PCIeHotplug PME AER PCIeCapability]
[    0.460008] acpi PNP0A03:00: _OSC: platform willing to grant [PCIeHotplug PME AER]
[    0.464008] acpi PNP0A03:00: _OSC failed (AE_SUPPORT); disabling ASPM
[    0.468651] PCI host bridge to bus 0000:00
[    0.472005] pci_bus 0000:00: root bus resource [io  0x0000-0x0cf7 window]
[    0.476006] pci_bus 0000:00: root bus resource [io  0x0d00-0xffff window]
[    0.484006] pci_bus 0000:00: root bus resource [mem 0x000a0000-0x000bffff window]
[    0.488004] pci_bus 0000:00: root bus resource [mem 0x40000000-0xfdffffff window]
[    0.496007] pci_bus 0000:00: root bus resource [bus 00-ff]
[    0.504000] pci 0000:00:01.1: legacy IDE quirk: reg 0x10: [io  0x01f0-0x01f7]
[    0.508004] pci 0000:00:01.1: legacy IDE quirk: reg 0x14: [io  0x03f6]
[    0.512006] pci 0000:00:01.1: legacy IDE quirk: reg 0x18: [io  0x0170-0x0177]
[    0.520004] pci 0000:00:01.1: legacy IDE quirk: reg 0x1c: [io  0x0376]
[    0.540201] pci 0000:00:07.0: quirk: [io  0x4000-0x403f] claimed by PIIX4 ACPI
[    0.544038] pci 0000:00:07.0: quirk: [io  0x4100-0x410f] claimed by PIIX4 SMB
[    0.557824] ACPI: PCI Interrupt Link [LNKA] (IRQs 5 9 10 *11)
[    0.560436] ACPI: PCI Interrupt Link [LNKB] (IRQs 5 9 *10 11)
[    0.564160] ACPI: PCI Interrupt Link [LNKC] (IRQs 5 *9 10 11)
[    0.568144] ACPI: PCI Interrupt Link [LNKD] (IRQs 5 9 10 *11)
[    0.572855] SCSI subsystem initialized
[    0.576341] pci 0000:00:02.0: vgaarb: setting as boot VGA device
[    0.579860] pci 0000:00:02.0: vgaarb: VGA device added: decodes=io+mem,owns=io+mem,locks=none
[    0.584006] pci 0000:00:02.0: vgaarb: bridge control possible
[    0.588002] vgaarb: loaded
[    0.592062] ACPI: bus type USB registered
[    0.595031] usbcore: registered new interface driver usbfs
[    0.596016] usbcore: registered new interface driver hub
[    0.600015] usbcore: registered new device driver usb
[    0.604276] EDAC MC: Ver: 3.0.0
[    0.608521] PCI: Using ACPI for IRQ routing
[    0.612620] NetLabel: Initializing
[    0.616003] NetLabel:  domain hash size = 128
[    0.620002] NetLabel:  protocols = UNLABELED CIPSOv4 CALIPSO
[    0.624000] NetLabel:  unlabeled traffic allowed by default
[    0.624345] clocksource: Switched to clocksource kvm-clock
[    0.644812] VFS: Disk quotas dquot_6.6.0
[    0.666064] VFS: Dquot-cache hash table entries: 512 (order 0, 4096 bytes)
[    0.670688] AppArmor: AppArmor Filesystem Enabled
[    0.674198] pnp: PnP ACPI init
[    0.679081] pnp: PnP ACPI: found 3 devices
[    0.722423] clocksource: acpi_pm: mask: 0xffffff max_cycles: 0xffffff, max_idle_ns: 2085701024 ns
[    0.729517] NET: Registered protocol family 2
[    0.733653] IP idents hash table entries: 16384 (order: 5, 131072 bytes)
[    0.737915] TCP established hash table entries: 8192 (order: 4, 65536 bytes)
[    0.742398] TCP bind hash table entries: 8192 (order: 5, 131072 bytes)
[    0.747165] TCP: Hash tables configured (established 8192 bind 8192)
[    0.751236] UDP hash table entries: 512 (order: 2, 16384 bytes)
[    0.754889] UDP-Lite hash table entries: 512 (order: 2, 16384 bytes)
[    0.759123] NET: Registered protocol family 1
[    0.762494] pci 0000:00:00.0: Limiting direct PCI/PCI transfers
[    0.767139] pci 0000:00:01.0: Activating ISA DMA hang workarounds
[    0.771353] pci 0000:00:02.0: Video device with shadowed ROM at [mem 0x000c0000-0x000dffff]
[    0.778202] Unpacking initramfs...
[    0.882789] Freeing initrd memory: 19528K
[    1.186524] clocksource: tsc: mask: 0xffffffffffffffff max_cycles: 0x398c4996eec, max_idle_ns: 881590688811 ns
[    1.192485] platform rtc_cmos: registered platform RTC device (no PNP device found)
[    1.197436] Scanning for low memory corruption every 60 seconds
[    1.204275] Initialise system trusted keyrings
[    1.208473] Key type blacklist registered
[    1.212630] workingset: timestamp_bits=36 max_order=18 bucket_order=0
[    1.218344] zbud: loaded
[    1.221822] squashfs: version 4.0 (2009/01/31) Phillip Lougher
[    1.228283] fuse init (API version 7.26)
[    1.268795] Key type asymmetric registered
[    1.271149] Asymmetric key parser 'x509' registered
[    1.274384] Block layer SCSI generic (bsg) driver version 0.4 loaded (major 246)
[    1.279247] io scheduler noop registered
[    1.281743] io scheduler deadline registered
[    1.284155] io scheduler cfq registered (default)
[    1.288293] ACPI: AC Adapter [AC] (off-line)
[    1.291523] input: Power Button as /devices/LNXSYSTM:00/LNXPWRBN:00/input/input0
[    1.296740] ACPI: Power Button [PWRF]
[    1.299414] input: Sleep Button as /devices/LNXSYSTM:00/LNXSLPBN:00/input/input1
[    1.305044] ACPI: Sleep Button [SLPF]
[    1.310050] ACPI: Battery Slot [BAT0] (battery present)
[    1.315270] Serial: 8250/16550 driver, 32 ports, IRQ sharing enabled
[    1.346363] 00:02: ttyS0 at I/O 0x3f8 (irq = 4, base_baud = 115200) is a 16550A
[    1.370825] Linux agpgart interface v0.103
[    1.384809] loop: module loaded
[    1.390485] scsi host0: ata_piix
[    1.394369] scsi host1: ata_piix
[    1.397357] ata1: PATA max UDMA/33 cmd 0x1f0 ctl 0x3f6 bmdma 0xd000 irq 14
[    1.403265] ata2: PATA max UDMA/33 cmd 0x170 ctl 0x376 bmdma 0xd008 irq 15
[    1.409752] tun: Universal TUN/TAP device driver, 1.6
[    1.414512] PPP generic driver version 2.4.2
[    1.418154] ehci_hcd: USB 2.0 'Enhanced' Host Controller (EHCI) Driver
[    1.423072] ehci-pci: EHCI PCI platform driver
[    1.426203] ehci-platform: EHCI generic platform driver
[    1.429837] ohci_hcd: USB 1.1 'Open' Host Controller (OHCI) Driver
[    1.434874] ohci-pci: OHCI PCI platform driver
[    1.438823] ohci-platform: OHCI generic platform driver
[    1.443390] uhci_hcd: USB Universal Host Controller Interface driver
[    1.447500] i8042: PNP: PS/2 Controller [PNP0303:PS2K,PNP0f03:PS2M] at 0x60,0x64 irq 1,12
[    1.457398] serio: i8042 KBD port at 0x60,0x64 irq 1
[    1.461740] serio: i8042 AUX port at 0x60,0x64 irq 12
[    1.466502] mousedev: PS/2 mouse device common for all mice
[    1.473426] input: AT Translated Set 2 keyboard as /devices/platform/i8042/serio0/input/input2
[    1.477530] rtc_cmos rtc_cmos: rtc core: registered rtc_cmos as rtc0
[    1.485596] rtc_cmos rtc_cmos: alarms up to one day, 114 bytes nvram
[    1.490879] i2c /dev entries driver
[    1.493659] device-mapper: uevent: version 1.0.3
[    1.496889] device-mapper: ioctl: 4.37.0-ioctl (2017-09-20) initialised: dm-devel@redhat.com
[    1.501816] ledtrig-cpu: registered to indicate activity on CPUs
[    1.508311] NET: Registered protocol family 10
[    1.520933] Segment Routing with IPv6
[    1.523800] NET: Registered protocol family 17
[    1.527846] Key type dns_resolver registered
[    1.531509] mce: Using 0 MCE banks
[    1.534200] RAS: Correctable Errors collector initialized.
[    1.537491] sched_clock: Marking stable (1537398950, 0)->(2069769442, -532370492)
[    1.544761] registered taskstats version 1
[    1.548275] Loading compiled-in X.509 certificates
[    1.557708] Loaded X.509 cert 'Build time autogenerated kernel key: b5b26778eaa3ab3a4a6cee031137706e947d12ad'
[    1.565815] Loaded X.509 cert 'Canonical Ltd. Live Patch Signing: 14df34d1a87cf37625abec039ef2bf521249b969'
[    1.571724] Loaded X.509 cert 'Canonical Ltd. Kernel Module Signing: 88f752e560a1e0737e31163a466ad7b70a850c19'
[    1.578706] blacklist: Loading compiled-in revocation X.509 certificates
[    1.583678] Loaded X.509 cert 'Canonical Ltd. Secure Boot Signing: 61482aa2830d0ab2ad5af10b7250da9033ddcef0'
[    1.591146] Loaded X.509 cert 'Canonical Ltd. Secure Boot Signing (2017): 242ade75ac4a15e50d50c84b0d45ff3eae707a03'
[    1.598263] Loaded X.509 cert 'Canonical Ltd. Secure Boot Signing (ESM 2018): 365188c1d374d6b07c3c8f240f8ef722433d6a8b'
[    1.605551] Loaded X.509 cert 'Canonical Ltd. Secure Boot Signing (2019): c0746fd6c5da3ae827864651ad66ae47fe24b3e8'
[    1.613624] Loaded X.509 cert 'Canonical Ltd. Secure Boot Signing (2021 v1): a8d54bbb3825cfb94fa13c9f8a594a195c107b8d'
[    1.620951] Loaded X.509 cert 'Canonical Ltd. Secure Boot Signing (2021 v2): 4cf046892d6fd3c9a5b03f98d845f90851dc6a8c'
[    1.628797] Loaded X.509 cert 'Canonical Ltd. Secure Boot Signing (2021 v3): 100437bb6de6e469b581e61cd66bce3ef4ed53af'
[    1.634664] Loaded X.509 cert 'Canonical Ltd. Secure Boot Signing (Ubuntu Core 2019): c1d57b8f6b743f23ee41f4f7ee292f06eecadfb9'
[    1.643208] zswap: loaded using pool lzo/zbud
[    1.656663] Key type big_key registered
[    1.659569] Key type trusted registered
[    1.665707] Key type encrypted registered
[    1.667928] AppArmor: AppArmor sha1 policy hashing enabled
[    1.683847] ima: No TPM chip found, activating TPM-bypass! (rc=-19)
[    1.687491] ima: Allocated hash algorithm: sha1
[    1.690937] evm: HMAC attrs: 0x1
[    1.694126]   Magic number: 4:67:649
[    1.697829] rtc_cmos rtc_cmos: setting system clock to 2024-04-05 20:38:51 UTC (1712349531)
[    1.703341] BIOS EDD facility v0.16 2004-Jun-25, 0 devices found
[    1.707285] EDD information not available.
[    1.714117] Freeing unused kernel image memory: 2480K
[    1.732397] Write protecting the kernel read-only data: 20480k
[    1.738730] Freeing unused kernel image memory: 2008K
[    1.742953] Freeing unused kernel image memory: 1820K
[    1.753741] x86/mm: Checked W+X mappings: passed, no W+X pages found.
Loading, please wait...
starting version 237
[    1.842547] e1000: Intel(R) PRO/1000 Network Driver - version 7.3.21-k8-NAPI
[    1.847774] e1000: Copyright (c) 1999-2006 Intel Corporation.
[    1.854606] Fusion MPT base driver 3.04.20
[    1.857748] Copyright (c) 1999-2008 LSI Corporation
[    1.884752] SSE version of gcm_enc/dec engaged.
[    1.907972] Fusion MPT SPI Host driver 3.04.20
[    2.117915] input: ImExPS/2 Generic Explorer Mouse as /devices/platform/i8042/serio1/input/input4
[    2.608405] e1000 0000:00:03.0 eth0: (PCI:33MHz:32-bit) 02:3b:7b:b7:3b:2d
[    2.613507] e1000 0000:00:03.0 eth0: Intel(R) PRO/1000 Network Connection
[    2.621681] e1000 0000:00:03.0 enp0s3: renamed from eth0
[    2.624329] mptbase: ioc0: Initiating bringup
[    2.775523] ioc0: LSI53C1030 A0: Capabilities={Initiator}
[    3.540171] scsi host2: ioc0: LSI53C1030 A0, FwRev=00000000h, Ports=1, MaxQ=256, IRQ=20
[    3.714277] scsi 2:0:0:0: Direct-Access     VBOX     HARDDISK         1.0  PQ: 0 ANSI: 5
[    3.752261] scsi target2:0:0: Beginning Domain Validation
[    3.765057] scsi target2:0:0: Domain Validation skipping write tests
[    3.768438] scsi target2:0:0: Ending Domain Validation
[    3.771835] scsi target2:0:0: asynchronous
[    3.776737] scsi 2:0:1:0: Direct-Access     VBOX     HARDDISK         1.0  PQ: 0 ANSI: 5
[    4.216832] scsi target2:0:1: Beginning Domain Validation
[    4.225031] scsi target2:0:1: Domain Validation skipping write tests
[    4.228972] scsi target2:0:1: Ending Domain Validation
[    4.232208] scsi target2:0:1: asynchronous
[    4.247021] sd 2:0:0:0: Attached scsi generic sg0 type 0
[    4.248377] sd 2:0:0:0: [sda] 83886080 512-byte logical blocks: (42.9 GB/40.0 GiB)
[    4.251302] sd 2:0:1:0: Attached scsi generic sg1 type 0
[    4.262951] sd 2:0:1:0: [sdb] 20480 512-byte logical blocks: (10.5 MB/10.0 MiB)
[    4.270901] sd 2:0:0:0: [sda] Write Protect is off
[    4.274825] sd 2:0:1:0: [sdb] Write Protect is off
[    4.278274] sd 2:0:0:0: [sda] Incomplete mode parameter data
[    4.278761] sd 2:0:1:0: [sdb] Incomplete mode parameter data
[    4.282877] sd 2:0:0:0: [sda] Assuming drive cache: write through
[    4.289668] sd 2:0:1:0: [sdb] Assuming drive cache: write through
[    4.324652]  sda: sda1
[    4.328995] sd 2:0:1:0: [sdb] Attached SCSI disk
[    4.332276] sd 2:0:0:0: [sda] Attached SCSI disk
Begin: Loading essential drivers ... [    6.644586] raid6: sse2x1   gen() 64368 MB/s
[    8.644350] raid6: sse2x1   xor() 177435 MB/s
[   10.657497] raid6: sse2x2   gen() 251836 MB/s
[   11.642136] raid6: sse2x2   xor() 216122 MB/s
[   11.705079] raid6: sse2x4   gen() 15471 MB/s
[   11.756944] raid6: sse2x4   xor()  8364 MB/s
[   11.759500] raid6: using algorithm sse2x2 gen() 251836 MB/s
[   11.762695] raid6: .... xor() 216122 MB/s, rmw enabled
[   11.765639] raid6: using ssse3x2 recovery algorithm
[   11.770440] xor: measuring software checksum speed
[   11.812823]    prefetch64-sse: 15053.000 MB/sec
[   11.856191]    generic_sse: 17068.000 MB/sec
[   11.859602] xor: using function: generic_sse (17068.000 MB/sec)
[   11.866150] async_tx: api initialized (async)
done.
Begin: Running /scripts/init-premount ... done.
Begin: Mounting root file system ... Begin: Running /scripts/local-top ... done.
Begin: Running /scripts/local-premount ... [   11.924118] Btrfs loaded, crc32c=crc32c-intel
Scanning for Btrfs filesystems
done.
Warning: fsck not present, so skipping root file system
[   11.978608] EXT4-fs (sda1): mounted filesystem with ordered data mode. Opts: (null)
done.
Begin: Running /scripts/local-bottom ... done.
Begin: Running /scripts/init-bottom ... done.
[   12.225761] ip_tables: (C) 2000-2006 Netfilter Core Team
[   12.248069] systemd[1]: systemd 237 running in system mode. (+PAM +AUDIT +SELINUX +IMA +APPARMOR +SMACK +SYSVINIT +UTMP +LIBCRYPTSETUP +GCRYPT +GNUTLS +ACL +XZ +LZ4 +SECCOMP +BLKID +ELFUTILS +KMOD -IDN2 +IDN -PCRE2 default-hierarchy=hybrid)
[   12.265234] systemd[1]: Detected virtualization oracle.
[   12.268941] systemd[1]: Detected architecture x86-64.

Welcome to [1mUbuntu 18.04.6 LTS[0m!

[   12.299236] systemd[1]: Set hostname to <ubuntu>.
[   12.310250] systemd[1]: Initializing machine ID from random generator.
[   12.314547] systemd[1]: Installed transient /etc/machine-id file.
[   12.676414] systemd[1]: Set up automount Arbitrary Executable File Formats File System Automount Point.
[[0;32m  OK  [0m] Set up automount Arbitrary Executab…rmats File System Automount Point.
[   12.696825] systemd[1]: Created slice User and Session Slice.
[[0;32m  OK  [0m] Created slice User and Session Slice.
[   12.702616] systemd[1]: Reached target User and Group Name Lookups.
[[0;32m  OK  [0m] Reached target User and Group Name Lookups.
[   12.710252] systemd[1]: Started Forward Password Requests to Wall Directory Watch.
[[0;32m  OK  [0m] Started Forward Password Requests to Wall Directory Watch.
[[0;32m  OK  [0m] Reached target Swap.
[[0;32m  OK  [0m] Reached target Mounting snaps.
[[0;32m  OK  [0m] Reached target Mounted snaps.
[[0;32m  OK  [0m] Created slice System Slice.
[[0;32m  OK  [0m] Listening on /dev/initctl Compatibility Named Pipe.
[[0;32m  OK  [0m] Listening on udev Kernel Socket.
[[0;32m  OK  [0m] Listening on Network Service Netlink Socket.
[[0;32m  OK  [0m] Listening on Journal Socket.
         Starting Uncomplicated firewall...
[[0;32m  OK  [0m] Reached target Slices.
[[0;32m  OK  [0m] Listening on LVM2 metadata daemon socket.
         Mounting Kernel Debug File System...
         Mounting POSIX Message Queue File System...
         Starting Load Kernel Modules...
[[0;32m  OK  [0m] Listening on fsck to fsckd communication Socket.
         Starting File System Check on Root Device...
         Starting Create list of required st…ce nodes for the current kernel...
[[0;32m  OK  [0m] Listening on Syslog Socket.
[[0;32m  OK  [0m] Listening on LVM2 poll daemon socket.
[[0;32m  OK  [0m] [   12.773140] Loading iSCSI transport class v2.0-870.
Listening on Journal Audit Socket.
         Mounting Huge Pages File System...
[[0;32m  OK  [0m] Created slice system-serial\x2dgetty.slice.
         Starting Set the console keyboard layout...
[[0;32m  OK  [0m] Reached target System Time Synchronized.
[[0;32m  OK  [0m] Listening on Device-mapper event daemon FIFOs.
         Starting Monitoring of LVM2 mirrors…ng dmeventd or progress polling...[   12.802979] iscsi: registered transport (tcp)

[[0;32m  OK  [0m] Listening on Journal Socket (/dev/log).
[[0;32m  OK  [0m] Listening on udev Control Socket.
         Starting udev Coldplug all Devices...
         Starting Journal Service...
[   12.891095] iscsi: registered transport (iser)
[[0;32m  OK  [0m] Started Uncomplicated firewall.
[[0;32m  OK  [0m] Mounted Kernel Debug File System.
[[0;32m  OK  [0m] Mounted POSIX Message Queue File System.
[[0;32m  OK  [0m] Started Load Kernel Modules.
[[0;32m  OK  [0m] Started Create list of required sta…vice nodes for the current kernel.
[[0;32m  OK  [0m] Mounted Huge Pages File System.
[[0;32m  OK  [0m] Started LVM2 metadata daemon.
[[0;32m  OK  [0m] Started File System Check Daemon to report status.
         Starting Create Static Device Nodes in /dev...
         Mounting FUSE Control File System...
         Starting Apply Kernel Variables...
         Mounting Kernel Configuration File System...
[[0;32m  OK  [0m] Started File System Check on Root Device.
[[0;32m  OK  [0m] Mounted FUSE Control File System.
[[0;32m  OK  [0m] Mounted Kernel Configuration File System.
         Starting Remount Root and Kernel File Systems...
[[0;32m  OK  [0m] Started Journal Service.
[[0;32m  OK  [0m] Started udev Coldplug all Devices.
[[0;32m  OK  [0m] Started Create Static Device Nodes in /dev.
[[0;32m  OK  [0m] Started Monitoring of LVM2 mirrors,…sing dmeventd or progress polling.
[[0;32m  OK  [0m] Started Apply Kernel Variables.
[[0;32m  OK  [0m] Started Remount Root and Kernel File Systems.
         Starting Load/Save Random Seed...
         Starting udev Kernel Device Manager...
         Starting Flush Journal to Persistent Storage...
[[0;32m  OK  [0m] Started Load/Save Random Seed.
[[0;32m  OK  [0m] Started udev Kernel Device Manager.
[[0;32m  OK  [0m] Started Flush Journal to Persistent Storage.
[[0;32m  OK  [0m] Found device /dev/ttyS0.
[[0;32m  OK  [0m] Listening on Load/Save RF Kill Switch Status /dev/rfkill Watch.
         Mounting Arbitrary Executable File Formats File System...
[[0;32m  OK  [0m] Mounted Arbitrary Executable File Formats File System.
[[0;32m  OK  [0m] Started Set the console keyboard layout.
[[0;32m  OK  [0m] Reached target Local File Systems (Pre).
[[0;32m  OK  [0m] Reached target Local File Systems.
         Starting Tell Plymouth To Write Out Runtime Data...
         Starting Set console font and keymap...
         Starting Commit a transient machine-id on disk...
         Starting AppArmor initialization...
         Starting Create Volatile Files and Directories...
         Starting ebtables ruleset management...
[[0;32m  OK  [0m] Started Dispatch Password Requests to Console Directory Watch.
[[0;32m  OK  [0m] Reached target Local Encrypted Volumes.
[[0;32m  OK  [0m] Started Tell Plymouth To Write Out Runtime Data.
[[0;32m  OK  [0m] Started Create Volatile Files and Directories.
         Starting Update UTMP about System Boot/Shutdown...
[[0;32m  OK  [0m] Started Update UTMP about System Boot/Shutdown.
[[0;32m  OK  [0m] Started Commit a transient machine-id on disk.
[[0;32m  OK  [0m] Started ebtables ruleset management.
[[0;32m  OK  [0m] Started AppArmor initialization.
         Starting Load AppArmor profiles managed internally by snapd...
         Starting Initial cloud-init job (pre-networking)...
[[0;32m  OK  [0m] Started Load AppArmor profiles managed internally by snapd.
[[0;32m  OK  [0m] Started Set console font and keymap.
[   16.698422] cloud-init[760]: Cloud-init v. 23.1.2-0ubuntu0~18.04.1 running 'init-local' at Fri, 05 Apr 2024 20:39:06 +0000. Up 16.35 seconds.
[[0;32m  OK  [0m] Started Initial cloud-init job (pre-networking).
[[0;32m  OK  [0m] Reached target Network (Pre).
         Starting Network Service...
[[0;32m  OK  [0m] Started Network Service.
         Starting Network Name Resolution...
         Starting Wait for Network to be Configured...
[[0;32m  OK  [0m] Started Network Name Resolution.
[[0;32m  OK  [0m] Reached target Network.
[[0;32m  OK  [0m] Reached target Host and Network Name Lookups.
[[0;32m  OK  [0m] Started Wait for Network to be Configured.
         Starting Initial cloud-init job (metadata service crawler)...
[   19.367516] cloud-init[925]: Cloud-init v. 23.1.2-0ubuntu0~18.04.1 running 'init' at Fri, 05 Apr 2024 20:39:09 +0000. Up 19.23 seconds.
[   19.375467] cloud-init[925]: ci-info: ++++++++++++++++++++++++++++++++++++++Net device info++++++++++++++++++++++++++++++++++++++
[   19.381670] cloud-init[925]: ci-info: +--------+------+----------------------------+---------------+--------+-------------------+
[   19.387046] cloud-init[925]: ci-info: | Device |  Up  |          Address           |      Mask     | Scope  |     Hw-Address    |
[   19.392878] cloud-init[925]: ci-info: +--------+------+----------------------------+---------------+--------+-------------------+
[   19.398516] cloud-init[925]: ci-info: | enp0s3 | True |         10.0.2.15          | 255.255.255.0 | global | 02:3b:7b:b7:3b:2d |
[   19.404589] cloud-init[925]: ci-info: | enp0s3 | True | fe80::3b:7bff:feb7:3b2d/64 |       .       |  link  | 02:3b:7b:b7:3b:2d |
[   19.408590] cloud-init[925]: ci-info: |   lo   | True |         127.0.0.1          |   255.0.0.0   |  host  |         .         |
[   19.414675] cloud-init[925]: ci-info: |   lo   | True |          ::1/128           |       .       |  host  |         .         |
[   19.421159] cloud-init[925]: ci-info: +--------+------+----------------------------+---------------+--------+-------------------+
[   19.427413] cloud-init[925]: ci-info: ++++++++++++++++++++++++++++Route IPv4 info+++++++++++++++++++++++++++++
[   19.437301] cloud-init[925]: ci-info: +-------+-------------+----------+-----------------+-----------+-------+
[   19.442634] cloud-init[925]: ci-info: | Route | Destination | Gateway  |     Genmask     | Interface | Flags |
[   19.447645] cloud-init[925]: ci-info: +-------+-------------+----------+-----------------+-----------+-------+
[   19.453323] cloud-init[925]: ci-info: |   0   |   0.0.0.0   | 10.0.2.2 |     0.0.0.0     |   enp0s3  |   UG  |
[   19.458085] cloud-init[925]: ci-info: |   1   |   10.0.2.0  | 0.0.0.0  |  255.255.255.0  |   enp0s3  |   U   |
[   19.463974] cloud-init[925]: ci-info: |   2   |   10.0.2.2  | 0.0.0.0  | 255.255.255.255 |   enp0s3  |   UH  |
[   19.469493] cloud-init[925]: ci-info: +-------+-------------+----------+-----------------+-----------+-------+
[   19.474551] cloud-init[925]: ci-info: +++++++++++++++++++Route IPv6 info+++++++++++++++++++
[   19.479266] cloud-init[925]: ci-info: +-------+-------------+---------+-----------+-------+
[   19.483995] cloud-init[925]: ci-info: | Route | Destination | Gateway | Interface | Flags |
[   19.489208] cloud-init[925]: ci-info: +-------+-------------+---------+-----------+-------+
[   19.494911] cloud-init[925]: ci-info: |   1   |  fe80::/64  |    ::   |   enp0s3  |   U   |
[   19.499973] cloud-init[925]: ci-info: |   3   |    local    |    ::   |   enp0s3  |   U   |
[   19.505065] cloud-init[925]: ci-info: |   4   |   ff00::/8  |    ::   |   enp0s3  |   U   |
[   19.508885] cloud-init[925]: ci-info: +-------+-------------+---------+-----------+-------+
[   20.336427] cloud-init[925]: Generating public/private rsa key pair.
[   20.338698] cloud-init[925]: Your identification has been saved in /etc/ssh/ssh_host_rsa_key.
[   20.341723] cloud-init[925]: Your public key has been saved in /etc/ssh/ssh_host_rsa_key.pub.
[   20.344509] cloud-init[925]: The key fingerprint is:
[   20.346193] cloud-init[925]: SHA256:VMYBKUB3YHlYYbHoKvMwcBtIMbk0qzqAbka5uLgHdkQ root@ubuntu-bionic
[   20.348626] cloud-init[925]: The key's randomart image is:
[   20.350138] cloud-init[925]: +---[RSA 2048]----+
[   20.351752] cloud-init[925]: | o..o.+=B*+.     |
[   20.353085] cloud-init[925]: | +oE o++o+.      |
[   20.354628] cloud-init[925]: |..=   .oo        |
[   20.356673] cloud-init[925]: |.+ . . .         |
[   20.358232] cloud-init[925]: |= =   . S        |
[   20.360541] cloud-init[925]: |=* + .           |
[   20.362269] cloud-init[925]: |B.O .            |
[   20.364043] cloud-init[925]: |==.*             |
[   20.365957] cloud-init[925]: |*=  .            |
[   20.368229] cloud-init[925]: +----[SHA256]-----+
[   20.369968] cloud-init[925]: Generating public/private dsa key pair.
[   20.372873] cloud-init[925]: Your identification has been saved in /etc/ssh/ssh_host_dsa_key.
[   20.375672] cloud-init[925]: Your public key has been saved in /etc/ssh/ssh_host_dsa_key.pub.
[   20.379184] cloud-init[925]: The key fingerprint is:
[   20.381285] cloud-init[925]: SHA256:zJ7SdVdIAPWfRw8GpIJHGJf5TSdDD4bAW/sOo9tv6JA root@ubuntu-bionic
[   20.384289] cloud-init[925]: The key's randomart image is:
[   20.385837] cloud-init[925]: +---[DSA 1024]----+
[   20.387173] cloud-init[925]: |      .+++.*O..  |
[   20.388618] cloud-init[925]: |      .++ oo+*.. |
[   20.390117] cloud-init[925]: |      . o+.+ +* o|
[   20.391894] cloud-init[925]: |       +..o .. =o|
[   20.393437] cloud-init[925]: |        S ... ..+|
[   20.394605] cloud-init[925]: |       o +o...  .|
[   20.395866] cloud-init[925]: |      . E. =     |
[   20.397482] cloud-init[925]: |       ..o. o    |
[   20.398816] cloud-init[925]: |        .ooo.    |
[   20.400056] cloud-init[925]: +----[SHA256]-----+
[   20.401271] cloud-init[925]: Generating public/private ecdsa key pair.
[   20.402976] cloud-init[925]: Your identification has been saved in /etc/ssh/ssh_host_ecdsa_key.
[   20.405727] cloud-init[925]: Your public key has been saved in /etc/ssh/ssh_host_ecdsa_key.pub.
[   20.407962] cloud-init[925]: The key fingerprint is:
[   20.410089] cloud-init[925]: SHA256:Srp183UyE23JF9uHTKYJvVUAKbFXuLm6OjQHFWtnC+8 root@ubuntu-bionic
[   20.413268] cloud-init[925]: The key's randomart image is:
[   20.414953] cloud-init[925]: +---[ECDSA 256]---+
[   20.416571] cloud-init[925]: |          oo.+o..|
[   20.418558] cloud-init[925]: |          o+o. . |
[   20.420003] cloud-init[925]: |         .*.=o+. |
[   20.421478] cloud-init[925]: |        .. Bo% o+|
[   20.423062] cloud-init[925]: |      . S.  B.B.+|
[   20.424579] cloud-init[925]: |     o .o ...o ..|
[   20.425907] cloud-init[925]: |    . o.oo .E .  |
[   20.427211] cloud-init[925]: |     o ..o.. =   |
[   20.428591] cloud-init[925]: |    .   .oo.     |
[   20.429863] cloud-init[925]: +----[SHA256]-----+
[   20.430915] cloud-init[925]: Generating public/private ed25519 key pair.
[   20.432342] cloud-init[925]: Your identification has been saved in /etc/ssh/ssh_host_ed25519_key.
[   20.434189] cloud-init[925]: Your public key has been saved in /etc/ssh/ssh_host_ed25519_key.pub.
[   20.436719] cloud-init[925]: The key fingerprint is:
[   20.438710] cloud-init[925]: SHA256:cZ7g9Sod7vevCeRLtINIjTNALA2i1rmHvdHUJq54gaE root@ubuntu-bionic
[   20.442189] cloud-init[925]: The key's randomart image is:
[   20.444512] cloud-init[925]: +--[ED25519 256]--+
[   20.446486] cloud-init[925]: |  . .+.          |
[   20.448546] cloud-init[925]: | ...o.o .        |
[   20.450706] cloud-init[925]: |.. + ..oooo      |
[   20.452836] cloud-init[925]: |. . * +ooO o     |
[   20.454180] cloud-init[925]: | E + = oS = +    |
[   20.455620] cloud-init[925]: |    o =. * B .   |
[   20.457298] cloud-init[925]: |   . +  o = *    |
[   20.458680] cloud-init[925]: |    .    o ..+ . |
[   20.460538] cloud-init[925]: |          ....+o.|
[   20.461934] cloud-init[925]: +----[SHA256]-----+
[[0;32m  OK  [0m] Started Initial cloud-init job (metadata service crawler).
[[0;32m  OK  [0m] Reached target Cloud-config availability.
[[0;32m  OK  [0m] Reached target Network is Online.
         Starting Availability of block devices...
[[0;32m  OK  [0m] Reached target Remote File Systems (Pre).
[[0;32m  OK  [0m] Reached target Remote File Systems.
[[0;32m  OK  [0m] Reached target System Initialization.
[[0;32m  OK  [0m] Started ACPI Events Check.
[[0;32m  OK  [0m] Started Discard unused blocks once a week.
         Starting Socket activation for snappy daemon.
[[0;32m  OK  [0m] Started Daily apt download activities.
[[0;32m  OK  [0m] Started Message of the Day.
[[0;32m  OK  [0m] Started Daily apt upgrade and clean activities.
[[0;32m  OK  [0m] Started Ubuntu Advantage Timer for running repeated jobs.
         Starting LXD - unix socket.
[[0;32m  OK  [0m] Listening on cloud-init hotplug hook socket.
[[0;32m  OK  [0m] Listening on ACPID Listen Socket.
[[0;32m  OK  [0m] Listening on Open-iSCSI iscsid Socket.
[[0;32m  OK  [0m] Started Daily Cleanup of Temporary Directories.
[[0;32m  OK  [0m] Reached target Timers.
[[0;32m  OK  [0m] Listening on D-Bus System Message Bus Socket.
[[0;32m  OK  [0m] Reached target Paths.
[[0;32m  OK  [0m] Listening on UUID daemon activation socket.
[[0;32m  OK  [0m] Started Availability of block devices.
[[0;32m  OK  [0m] Listening on Socket activation for snappy daemon.
[[0;32m  OK  [0m] Listening on LXD - unix socket.
[[0;32m  OK  [0m] Reached target Sockets.
[[0;32m  OK  [0m] Reached target Basic System.
[[0;32m  OK  [0m] Reached target Login Prompts (Pre).
         Starting Permit User Sessions...
         Starting Accounts Service...
         Starting Snap Daemon...
[[0;32m  OK  [0m] Started D-Bus System Message Bus.
[[0;32m  OK  [0m] Started FUSE filesystem for LXC.
         Starting Login Service...
         Starting Virtualbox guest utils...
         Starting LSB: Record successful boot for GRUB...
         Starting Pollinate to seed the pseudo random number generator...
[[0;32m  OK  [0m] Started Regular background program processing daemon.
[[0;32m  OK  [0m] Started irqbalance daemon.
[[0;32m  OK  [0m] Started Deferred execution scheduler.
         Starting System Logging Service...
         Starting Dispatcher daemon for systemd-networkd...
         Starting LSB: automatic crash report generation...
         Starting LXD - container startup/shutdown...
[[0;32m  OK  [0m] Started Permit User Sessions.
[[0;32m  OK  [0m] Started System Logging Service.
[[0;32m  OK  [0m] Started Login Service.
[[0;32m  OK  [0m] Started Unattended Upgrades Shutdown.
         Starting Authorization Manager...
         Starting Hold until boot process finishes up...
         Starting Terminate Plymouth Boot Screen...
[[0;32m  OK  [0m] Started Hold until boot process finishes up.
         Starting Set console scheme...
[[0;32m  OK  [0m] Started Serial Getty on ttyS0.
[[0;32m  OK  [0m] Started Terminate Plymouth Boot Screen.
[[0;32m  OK  [0m] Started Authorization Manager.
[[0;32m  OK  [0m] Started Accounts Service.
[[0;32m  OK  [0m] Started LSB: automatic crash report generation.
[[0;32m  OK  [0m] Started Set console scheme.
[[0;32m  OK  [0m] Created slice system-getty.slice.
[[0;32m  OK  [0m] Started Getty on tty1.
[[0;32m  OK  [0m] Reached target Login Prompts.
[[0;32m  OK  [0m] Started Virtualbox guest utils.
[[0;32m  OK  [0m] Started LSB: Record successful boot for GRUB.
[[0;32m  OK  [0m] Started LXD - container startup/shutdown.
[[0;32m  OK  [0m] Started Dispatcher daemon for systemd-networkd.
[[0;32m  OK  [0m] Started Snap Daemon.
         Starting Wait until snapd is fully seeded...
[[0;32m  OK  [0m] Started Pollinate to seed the pseudo random number generator.
         Starting OpenBSD Secure Shell server...
[[0;32m  OK  [0m] Started OpenBSD Secure Shell server.
[[0;32m  OK  [0m] Created slice User Slice of vagrant.
         Starting User Manager for UID 1000...
[[0;32m  OK  [0m] Started Session 1 of user vagrant.
[[0;32m  OK  [0m] Started User Manager for UID 1000.
         Starting Time & Date Service...
[[0;32m  OK  [0m] Started Time & Date Service.
[[0;32m  OK  [0m] Started Wait until snapd is fully seeded.
         Starting Apply the settings specified in cloud-config...
[   26.235867] cloud-init[1644]: Cloud-init v. 23.1.2-0ubuntu0~18.04.1 running 'modules:config' at Fri, 05 Apr 2024 20:39:15 +0000. Up 25.76 seconds.
ci-info: no authorized SSH keys fingerprints found for user ubuntu.
<14>Apr  5 20:39:16 cloud-init: #############################################################
<14>Apr  5 20:39:16 cloud-init: -----BEGIN SSH HOST KEY FINGERPRINTS-----
<14>Apr  5 20:39:16 cloud-init: 1024 SHA256:zJ7SdVdIAPWfRw8GpIJHGJf5TSdDD4bAW/sOo9tv6JA root@ubuntu-bionic (DSA)
<14>Apr  5 20:39:16 cloud-init: 256 SHA256:Srp183UyE23JF9uHTKYJvVUAKbFXuLm6OjQHFWtnC+8 root@ubuntu-bionic (ECDSA)
<14>Apr  5 20:39:16 cloud-init: 256 SHA256:cZ7g9Sod7vevCeRLtINIjTNALA2i1rmHvdHUJq54gaE root@ubuntu-bionic (ED25519)
<14>Apr  5 20:39:16 cloud-init: 2048 SHA256:VMYBKUB3YHlYYbHoKvMwcBtIMbk0qzqAbka5uLgHdkQ root@ubuntu-bionic (RSA)
<14>Apr  5 20:39:16 cloud-init: -----END SSH HOST KEY FINGERPRINTS-----
<14>Apr  5 20:39:16 cloud-init: #############################################################
-----BEGIN SSH HOST KEY KEYS-----
ecdsa-sha2-nistp256 AAAAE2VjZHNhLXNoYTItbmlzdHAyNTYAAAAIbmlzdHAyNTYAAABBBOpSvCyBDeimxgHD8de+lSEUi27rF1O9Kb6JUX/AbPWKy5JQSJulchuKuHkVkdcJU86fXywW53nsUf2BNCULjNo= root@ubuntu-bionic
ssh-ed25519 AAAAC3NzaC1lZDI1NTE5AAAAIL5nNpFWf8GHWNEuAXEuRyNG+TzX5v5geOteoBVm0Qhw root@ubuntu-bionic
ssh-rsa AAAAB3NzaC1yc2EAAAADAQABAAABAQDreOQBjdSQNHFMlMoNavQTo4gru0/VezHNntayvb2Mw4NS9VjH/N7HaN2RypyhUTlYsf4D++ffoAmmr48oWKjRWn4Egd4z31u/2or/j0BYCc0nibA6vsaT0CoTi+wBQfwKZNGTfW0s4UyjnHrNwqVYHaKKS4Tfq3jHVX4vYaazRTwA2CrRSovdSGYMeS1RXEPUUULHbs4IC2xdjwDfaPtkGezBrU+VIsLEEm2f8HiP4k0jGnfgqs0BAqRhTwzNQCZWWPL6l5A6XPeI1hwg4KMd6h7ah68LxWH+BldN5g/qQVLh8sGUbUqL26im/MWX4luNrqP+dqdCMnUg246dv9n/ root@ubuntu-bionic
-----END SSH HOST KEY KEYS-----
[   26.961579] cloud-init[1789]: Cloud-init v. 23.1.2-0ubuntu0~18.04.1 running 'modules:final' at Fri, 05 Apr 2024 20:39:16 +0000. Up 26.77 seconds.
[   26.961976] cloud-init[1789]: Cloud-init v. 23.1.2-0ubuntu0~18.04.1 finished at Fri, 05 Apr 2024 20:39:16 +0000. Datasource DataSourceNoCloud [seed=/dev/sdb][dsmode=net].  Up 26.95 seconds

Ubuntu 18.04.6 LTS ubuntu-bionic ttyS0

ubuntu-bionic login: 